#
# There is insufficient memory for the Java Runtime Environment to continue.
# Native memory allocation (malloc) failed to allocate 118416 bytes for Chunk::new
# Possible reasons:
#   The system is out of physical RAM or swap space
#   In 32 bit mode, the process size limit was hit
# Possible solutions:
#   Reduce memory load on the system
#   Increase physical memory or swap space
#   Check if swap backing store is full
#   Use 64 bit Java on a 64 bit OS
#   Decrease Java heap size (-Xmx/-Xms)
#   Decrease number of Java threads
#   Decrease Java thread stack sizes (-Xss)
#   Set larger code cache with -XX:ReservedCodeCacheSize=
# This output file may be truncated or incomplete.
#
#  Out of Memory Error (allocation.cpp:390), pid=2576, tid=0x0000000000002154
#
# JRE version: OpenJDK Runtime Environment (8.0_76-b03) (build 1.8.0_76-release-b03)
# Java VM: OpenJDK 64-Bit Server VM (25.76-b03 mixed mode windows-amd64 compressed oops)
# Failed to write core dump. Minidumps are not enabled by default on client versions of Windows
#

---------------  T H R E A D  ---------------

Current thread (0x00000000165f8800):  JavaThread "C2 CompilerThread0" daemon [_thread_in_native, id=8532, stack(0x0000000017c30000,0x0000000017d30000)]

Stack: [0x0000000017c30000,0x0000000017d30000]
[error occurred during error reporting (printing stack bounds), id 0xc0000005]

Native frames: (J=compiled Java code, j=interpreted, Vv=VM code, C=native code)


Current CompileTask:
C2:   8337 1282   !   4       java.lang.ClassLoader::loadClass (122 bytes)


---------------  P R O C E S S  ---------------

Java Threads: ( => current thread )
  0x000000001938a800 JavaThread "Stdin handler" [_thread_blocked, id=5760, stack(0x000000001a9e0000,0x000000001aae0000)]
  0x00000000181db000 JavaThread "Asynchronous log dispatcher for org.gradle.launcher.daemon.server.DefaultDaemonConnection@1395e2dd" [_thread_blocked, id=7360, stack(0x000000001a8e0000,0x000000001a9e0000)]
  0x00000000193b6000 JavaThread "Daemon worker" [_thread_in_native, id=8892, stack(0x000000001a7e0000,0x000000001a8e0000)]
  0x00000000181e1000 JavaThread "Cancel handler" [_thread_blocked, id=8312, stack(0x000000001a6e0000,0x000000001a7e0000)]
  0x0000000019116000 JavaThread "Handler for socket connection from /127.0.0.1:62086 to /127.0.0.1:62087" [_thread_in_native, id=8124, stack(0x000000001a5e0000,0x000000001a6e0000)]
  0x0000000019113000 JavaThread "Daemon" [_thread_blocked, id=7780, stack(0x000000001a4e0000,0x000000001a5e0000)]
  0x0000000018117800 JavaThread "pool-1-thread-1" [_thread_blocked, id=432, stack(0x000000001a3e0000,0x000000001a4e0000)]
  0x0000000018844800 JavaThread "Incoming local TCP Connector on port 62086" [_thread_in_native, id=8448, stack(0x0000000018d30000,0x0000000018e30000)]
  0x0000000017f49800 JavaThread "Service Thread" daemon [_thread_blocked, id=8968, stack(0x0000000018330000,0x0000000018430000)]
  0x000000001664b800 JavaThread "C1 CompilerThread2" daemon [_thread_blocked, id=9100, stack(0x0000000017e30000,0x0000000017f30000)]
  0x00000000165e7800 JavaThread "C2 CompilerThread1" daemon [_thread_blocked, id=5568, stack(0x0000000017d30000,0x0000000017e30000)]
=>0x00000000165f8800 JavaThread "C2 CompilerThread0" daemon [_thread_in_native, id=8532, stack(0x0000000017c30000,0x0000000017d30000)]
  0x00000000165f7000 JavaThread "Attach Listener" daemon [_thread_blocked, id=8868, stack(0x0000000017b30000,0x0000000017c30000)]
  0x00000000165f6000 JavaThread "Signal Dispatcher" daemon [_thread_blocked, id=8440, stack(0x0000000017a30000,0x0000000017b30000)]
  0x0000000002c7b800 JavaThread "Finalizer" daemon [_thread_blocked, id=1228, stack(0x0000000017850000,0x0000000017950000)]
  0x0000000002c70800 JavaThread "Reference Handler" daemon [_thread_blocked, id=8976, stack(0x0000000017750000,0x0000000017850000)]
  0x000000000134d800 JavaThread "main" [_thread_blocked, id=4032, stack(0x0000000002a80000,0x0000000002b80000)]

Other Threads:
  0x00000000165b5000 VMThread [stack: 0x0000000017650000,0x0000000017750000] [id=8364]
  0x0000000017f4b800 WatcherThread [stack: 0x0000000018430000,0x0000000018530000] [id=2544]

VM state:not at safepoint (normal execution)

VM Mutex/Monitor currently owned by a thread: None

Heap:
 PSYoungGen      total 38400K, used 5717K [0x00000000e0000000, 0x00000000e2a80000, 0x0000000100000000)
  eden space 33280K, 1% used [0x00000000e0000000,0x00000000e009b788,0x00000000e2080000)
  from space 5120K, 99% used [0x00000000e2580000,0x00000000e2a79fa8,0x00000000e2a80000)
  to   space 5120K, 0% used [0x00000000e2080000,0x00000000e2080000,0x00000000e2580000)
 ParOldGen       total 87552K, used 1087K [0x00000000a0000000, 0x00000000a5580000, 0x00000000e0000000)
  object space 87552K, 1% used [0x00000000a0000000,0x00000000a010fc20,0x00000000a5580000)
 Metaspace       used 12899K, capacity 13248K, committed 13440K, reserved 1060864K
  class space    used 1722K, capacity 1840K, committed 1920K, reserved 1048576K

Card table byte_map: [0x0000000012040000,0x0000000012350000] byte_map_base: 0x0000000011b40000

Marking Bits: (ParMarkBitMap*) 0x0000000053ae9d00
 Begin Bits: [0x0000000012950000, 0x0000000014150000)
 End Bits:   [0x0000000014150000, 0x0000000015950000)

Polling page: 0x0000000001240000

CodeCache: size=245760Kb used=4516Kb max_used=4622Kb free=241243Kb
 bounds [0x0000000002c80000, 0x0000000003110000, 0x0000000011c80000]
 total_blobs=1612 nmethods=1256 adapters=270
 compilation: enabled

Compilation events (10 events):
Event: 8.256 Thread 0x000000001664b800 nmethod 1281 0x0000000003100810 code [0x00000000031009a0, 0x0000000003100db0]
Event: 8.282 Thread 0x00000000165f8800 1282   !   4       java.lang.ClassLoader::loadClass (122 bytes)
Event: 8.285 Thread 0x00000000165e7800 1283   !   4       java.util.WeakHashMap::expungeStaleEntries (139 bytes)
Event: 8.285 Thread 0x00000000165e7800 nmethod 1283 0x0000000003103c10 code [0x0000000003103d40, 0x0000000003103dd8]
Event: 8.299 Thread 0x000000001664b800 1284       1       java.lang.ref.Finalizer::access$000 (4 bytes)
Event: 8.299 Thread 0x000000001664b800 nmethod 1284 0x0000000003103990 code [0x0000000003103ae0, 0x0000000003103bd0]
Event: 8.302 Thread 0x00000000165e7800 1285   !   4       java.util.zip.ZipFile$ZipFileInputStream::close (110 bytes)
Event: 8.311 Thread 0x00000000165e7800 nmethod 1285 0x0000000003101450 code [0x00000000031015c0, 0x0000000003101e78]
Event: 8.321 Thread 0x000000001664b800 1286       3       java.lang.Package::<init> (56 bytes)
Event: 8.321 Thread 0x000000001664b800 nmethod 1286 0x0000000003100f90 code [0x00000000031010e0, 0x0000000003101350]

GC Heap History (4 events):
Event: 5.454 GC heap before
{Heap before GC invocations=1 (full 0):
 PSYoungGen      total 38400K, used 33280K [0x00000000e0000000, 0x00000000e2a80000, 0x0000000100000000)
  eden space 33280K, 100% used [0x00000000e0000000,0x00000000e2080000,0x00000000e2080000)
  from space 5120K, 0% used [0x00000000e2580000,0x00000000e2580000,0x00000000e2a80000)
  to   space 5120K, 0% used [0x00000000e2080000,0x00000000e2080000,0x00000000e2580000)
 ParOldGen       total 87552K, used 0K [0x00000000a0000000, 0x00000000a5580000, 0x00000000e0000000)
  object space 87552K, 0% used [0x00000000a0000000,0x00000000a0000000,0x00000000a5580000)
 Metaspace       used 5880K, capacity 6416K, committed 6528K, reserved 1056768K
  class space    used 751K, capacity 800K, committed 896K, reserved 1048576K
Event: 5.463 GC heap after
Heap after GC invocations=1 (full 0):
 PSYoungGen      total 38400K, used 4059K [0x00000000e0000000, 0x00000000e2a80000, 0x0000000100000000)
  eden space 33280K, 0% used [0x00000000e0000000,0x00000000e0000000,0x00000000e2080000)
  from space 5120K, 79% used [0x00000000e2080000,0x00000000e2476c28,0x00000000e2580000)
  to   space 5120K, 0% used [0x00000000e2580000,0x00000000e2580000,0x00000000e2a80000)
 ParOldGen       total 87552K, used 8K [0x00000000a0000000, 0x00000000a5580000, 0x00000000e0000000)
  object space 87552K, 0% used [0x00000000a0000000,0x00000000a0002000,0x00000000a5580000)
 Metaspace       used 5880K, capacity 6416K, committed 6528K, reserved 1056768K
  class space    used 751K, capacity 800K, committed 896K, reserved 1048576K
}
Event: 8.290 GC heap before
{Heap before GC invocations=2 (full 0):
 PSYoungGen      total 38400K, used 37339K [0x00000000e0000000, 0x00000000e2a80000, 0x0000000100000000)
  eden space 33280K, 100% used [0x00000000e0000000,0x00000000e2080000,0x00000000e2080000)
  from space 5120K, 79% used [0x00000000e2080000,0x00000000e2476c28,0x00000000e2580000)
  to   space 5120K, 0% used [0x00000000e2580000,0x00000000e2580000,0x00000000e2a80000)
 ParOldGen       total 87552K, used 8K [0x00000000a0000000, 0x00000000a5580000, 0x00000000e0000000)
  object space 87552K, 0% used [0x00000000a0000000,0x00000000a0002000,0x00000000a5580000)
 Metaspace       used 12760K, capacity 13120K, committed 13440K, reserved 1060864K
  class space    used 1710K, capacity 1840K, committed 1920K, reserved 1048576K
Event: 8.299 GC heap after
Heap after GC invocations=2 (full 0):
 PSYoungGen      total 38400K, used 5095K [0x00000000e0000000, 0x00000000e2a80000, 0x0000000100000000)
  eden space 33280K, 0% used [0x00000000e0000000,0x00000000e0000000,0x00000000e2080000)
  from space 5120K, 99% used [0x00000000e2580000,0x00000000e2a79fa8,0x00000000e2a80000)
  to   space 5120K, 0% used [0x00000000e2080000,0x00000000e2080000,0x00000000e2580000)
 ParOldGen       total 87552K, used 1087K [0x00000000a0000000, 0x00000000a5580000, 0x00000000e0000000)
  object space 87552K, 1% used [0x00000000a0000000,0x00000000a010fc20,0x00000000a5580000)
 Metaspace       used 12760K, capacity 13120K, committed 13440K, reserved 1060864K
  class space    used 1710K, capacity 1840K, committed 1920K, reserved 1048576K
}

Deoptimization events (10 events):
Event: 5.493 Thread 0x000000000134d800 Uncommon trap: reason=class_check action=maybe_recompile pc=0x0000000002ed0fdc method=java.util.regex.Matcher.match(II)Z @ 86
Event: 5.494 Thread 0x000000000134d800 Uncommon trap: reason=bimorphic action=maybe_recompile pc=0x0000000002ed10a0 method=java.util.regex.Pattern$Slice.match(Ljava/util/regex/Matcher;ILjava/lang/CharSequence;)Z @ 75
Event: 5.813 Thread 0x000000000134d800 Uncommon trap: reason=class_check action=maybe_recompile pc=0x0000000002ed0fdc method=java.util.regex.Matcher.match(II)Z @ 86
Event: 6.000 Thread 0x000000000134d800 Uncommon trap: reason=unstable_if action=reinterpret pc=0x0000000002f26d48 method=java.util.HashMap.getNode(ILjava/lang/Object;)Ljava/util/HashMap$Node; @ 129
Event: 6.000 Thread 0x000000000134d800 Uncommon trap: reason=bimorphic action=maybe_recompile pc=0x0000000002f6ea08 method=java.util.HashMap.putVal(ILjava/lang/Object;Ljava/lang/Object;ZZ)Ljava/lang/Object; @ 203
Event: 6.348 Thread 0x000000000134d800 Uncommon trap: reason=unstable_if action=reinterpret pc=0x0000000002f4adfc method=java.io.WinNTFileSystem.normalize(Ljava/lang/String;II)Ljava/lang/String; @ 90
Event: 6.438 Thread 0x000000000134d800 Uncommon trap: reason=unstable_if action=reinterpret pc=0x0000000002f97190 method=java.lang.String.substring(I)Ljava/lang/String; @ 35
Event: 7.810 Thread 0x00000000193b6000 Uncommon trap: reason=bimorphic action=maybe_recompile pc=0x0000000002f6e454 method=java.util.HashMap.putVal(ILjava/lang/Object;Ljava/lang/Object;ZZ)Ljava/lang/Object; @ 253
Event: 7.811 Thread 0x00000000193b6000 Uncommon trap: reason=bimorphic action=maybe_recompile pc=0x0000000002f6e454 method=java.util.HashMap.putVal(ILjava/lang/Object;Ljava/lang/Object;ZZ)Ljava/lang/Object; @ 253
Event: 7.811 Thread 0x00000000193b6000 Uncommon trap: reason=bimorphic action=maybe_recompile pc=0x0000000002ef506c method=java.util.HashMap.putVal(ILjava/lang/Object;Ljava/lang/Object;ZZ)Ljava/lang/Object; @ 91

Internal exceptions (10 events):
Event: 7.776 Thread 0x00000000193b6000 Exception <a 'java/lang/NoSuchMethodError': <clinit>> (0x00000000e1188d38) thrown at [C:\src\android\AOSP-openjdk\external\jetbrains\jdk\hotspot\src\share\vm\prims\jni.cpp, line 1591]
Event: 7.838 Thread 0x00000000193b6000 Exception <a 'java/lang/ArrayIndexOutOfBoundsException'> (0x00000000e131ae08) thrown at [C:\src\android\AOSP-openjdk\external\jetbrains\jdk\hotspot\src\share\vm\runtime\sharedRuntime.cpp, line 605]
Event: 7.851 Thread 0x00000000193b6000 Exception <a 'java/lang/ArrayIndexOutOfBoundsException'> (0x00000000e13e08f0) thrown at [C:\src\android\AOSP-openjdk\external\jetbrains\jdk\hotspot\src\share\vm\runtime\sharedRuntime.cpp, line 605]
Event: 7.851 Thread 0x00000000193b6000 Exception <a 'java/lang/ArrayIndexOutOfBoundsException'> (0x00000000e13e1d40) thrown at [C:\src\android\AOSP-openjdk\external\jetbrains\jdk\hotspot\src\share\vm\runtime\sharedRuntime.cpp, line 605]
Event: 7.852 Thread 0x00000000193b6000 Exception <a 'java/lang/ArrayIndexOutOfBoundsException'> (0x00000000e13fc020) thrown at [C:\src\android\AOSP-openjdk\external\jetbrains\jdk\hotspot\src\share\vm\runtime\sharedRuntime.cpp, line 605]
Event: 7.868 Thread 0x00000000193b6000 Exception <a 'java/lang/ArrayIndexOutOfBoundsException'> (0x00000000e15c2380) thrown at [C:\src\android\AOSP-openjdk\external\jetbrains\jdk\hotspot\src\share\vm\runtime\sharedRuntime.cpp, line 605]
Event: 7.868 Thread 0x00000000193b6000 Exception <a 'java/lang/ArrayIndexOutOfBoundsException'> (0x00000000e15c52f8) thrown at [C:\src\android\AOSP-openjdk\external\jetbrains\jdk\hotspot\src\share\vm\runtime\sharedRuntime.cpp, line 605]
Event: 7.868 Thread 0x00000000193b6000 Exception <a 'java/lang/ArrayIndexOutOfBoundsException'> (0x00000000e15da4a8) thrown at [C:\src\android\AOSP-openjdk\external\jetbrains\jdk\hotspot\src\share\vm\runtime\sharedRuntime.cpp, line 605]
Event: 7.914 Thread 0x00000000193b6000 Exception <a 'java/lang/ArrayIndexOutOfBoundsException'> (0x00000000e1843a18) thrown at [C:\src\android\AOSP-openjdk\external\jetbrains\jdk\hotspot\src\share\vm\runtime\sharedRuntime.cpp, line 605]
Event: 7.925 Thread 0x00000000193b6000 Exception <a 'java/lang/ArrayIndexOutOfBoundsException'> (0x00000000e19f2018) thrown at [C:\src\android\AOSP-openjdk\external\jetbrains\jdk\hotspot\src\share\vm\runtime\sharedRuntime.cpp, line 605]

Events (10 events):
Event: 8.317 loading class groovy/lang/ReadOnlyPropertyException done
Event: 8.318 loading class org/codehaus/groovy/reflection/CachedMethod
Event: 8.318 loading class org/codehaus/groovy/reflection/CachedMethod done
Event: 8.319 loading class groovy/lang/MissingFieldException
Event: 8.319 loading class groovy/lang/MissingFieldException done
Event: 8.320 loading class org/codehaus/groovy/runtime/InvokerInvocationException
Event: 8.320 loading class org/codehaus/groovy/runtime/InvokerInvocationException done
Event: 8.321 loading class org/codehaus/groovy/runtime/callsite/CallSite
Event: 8.321 loading class org/codehaus/groovy/runtime/callsite/CallSite done
Event: 8.321 Thread 0x000000001664b800 flushing nmethod 0x0000000002db5c50


Dynamic libraries:
0x00007ff6de870000 - 0x00007ff6de8a1000 	C:\Program Files\Android\Android Studio\jre\bin\java.exe
0x00007ff8e1090000 - 0x00007ff8e123d000 	C:\Windows\SYSTEM32\ntdll.dll
0x00007ff8e0a80000 - 0x00007ff8e0bbe000 	C:\Windows\system32\KERNEL32.DLL
0x00007ff8de390000 - 0x00007ff8de4a5000 	C:\Windows\system32\KERNELBASE.dll
0x00007ff8e0210000 - 0x00007ff8e02ba000 	C:\Windows\system32\ADVAPI32.dll
0x00007ff8e0eb0000 - 0x00007ff8e1027000 	C:\Windows\system32\USER32.dll
0x00007ff8dc2a0000 - 0x00007ff8dc51b000 	C:\Windows\WinSxS\amd64_microsoft.windows.common-controls_6595b64144ccf1df_6.0.9600.18006_none_623f33d3ecbe86e8\COMCTL32.dll
0x00007ff8e0680000 - 0x00007ff8e072a000 	C:\Windows\system32\msvcrt.dll
0x00007ff8e0480000 - 0x00007ff8e04d9000 	C:\Windows\SYSTEM32\sechost.dll
0x00007ff8de730000 - 0x00007ff8de870000 	C:\Windows\system32\RPCRT4.dll
0x00007ff8e0930000 - 0x00007ff8e0a7f000 	C:\Windows\system32\GDI32.dll
0x00007ff8de6e0000 - 0x00007ff8de70e000 	C:\Windows\system32\SspiCli.dll
0x00007ff8dfe70000 - 0x00007ff8dfea6000 	C:\Windows\system32\IMM32.DLL
0x00007ff8dfeb0000 - 0x00007ff8e0002000 	C:\Windows\system32\MSCTF.dll
0x0000000053250000 - 0x0000000053322000 	C:\Program Files\Android\Android Studio\jre\jre\bin\msvcr100.dll
0x0000000053330000 - 0x0000000053b64000 	C:\Program Files\Android\Android Studio\jre\jre\bin\server\jvm.dll
0x00007ff8d4770000 - 0x00007ff8d4779000 	C:\Windows\SYSTEM32\WSOCK32.dll
0x00007ff8db6b0000 - 0x00007ff8db6d2000 	C:\Windows\SYSTEM32\WINMM.dll
0x00007ff8db6e0000 - 0x00007ff8db6ea000 	C:\Windows\SYSTEM32\VERSION.dll
0x00007ff8e0800000 - 0x00007ff8e0807000 	C:\Windows\system32\PSAPI.DLL
0x00007ff8e1030000 - 0x00007ff8e108a000 	C:\Windows\system32\WS2_32.dll
0x00007ff8da350000 - 0x00007ff8da37a000 	C:\Windows\SYSTEM32\WINMMBASE.dll
0x00007ff8e0200000 - 0x00007ff8e0209000 	C:\Windows\system32\NSI.dll
0x00007ff8de4b0000 - 0x00007ff8de4ff000 	C:\Windows\SYSTEM32\cfgmgr32.dll
0x00007ff8dcfc0000 - 0x00007ff8dcfe8000 	C:\Windows\SYSTEM32\DEVOBJ.dll
0x00007ff8d47d0000 - 0x00007ff8d47df000 	C:\Program Files\Android\Android Studio\jre\jre\bin\verify.dll
0x00007ff8c68c0000 - 0x00007ff8c68e9000 	C:\Program Files\Android\Android Studio\jre\jre\bin\java.dll
0x00007ff8c68a0000 - 0x00007ff8c68b6000 	C:\Program Files\Android\Android Studio\jre\jre\bin\zip.dll
0x00007ff8de940000 - 0x00007ff8dfe68000 	C:\Windows\system32\SHELL32.dll
0x00007ff8e0bd0000 - 0x00007ff8e0de1000 	C:\Windows\SYSTEM32\combase.dll
0x00007ff8e0810000 - 0x00007ff8e0864000 	C:\Windows\system32\SHLWAPI.dll
0x00007ff8dc7a0000 - 0x00007ff8dc852000 	C:\Windows\SYSTEM32\SHCORE.dll
0x00007ff8de1b0000 - 0x00007ff8de1c5000 	C:\Windows\SYSTEM32\profapi.dll
0x00007ff8c6880000 - 0x00007ff8c689a000 	C:\Program Files\Android\Android Studio\jre\jre\bin\net.dll
0x00007ff8dd9e0000 - 0x00007ff8dda39000 	C:\Windows\system32\mswsock.dll
0x00007ff8c6820000 - 0x00007ff8c6831000 	C:\Program Files\Android\Android Studio\jre\jre\bin\nio.dll
0x00007ff8bd140000 - 0x00007ff8bd152000 	C:\Users\Admin\.gradle\native\19\windows-amd64\native-platform.dll
0x00007ff8dda40000 - 0x00007ff8dda60000 	C:\Windows\SYSTEM32\CRYPTSP.dll
0x00007ff8dd660000 - 0x00007ff8dd696000 	C:\Windows\system32\rsaenh.dll
0x00007ff8ddc90000 - 0x00007ff8ddcb6000 	C:\Windows\SYSTEM32\bcrypt.dll
0x00007ff8dd770000 - 0x00007ff8dd791000 	C:\Windows\SYSTEM32\USERENV.dll
0x00007ff8ddfb0000 - 0x00007ff8de013000 	C:\Windows\system32\bcryptprimitives.dll
0x00007ff8de020000 - 0x00007ff8de02b000 	C:\Windows\SYSTEM32\CRYPTBASE.dll
0x00007ff8d78a0000 - 0x00007ff8d78ca000 	C:\Windows\SYSTEM32\IPHLPAPI.DLL
0x00007ff8d7840000 - 0x00007ff8d784a000 	C:\Windows\SYSTEM32\WINNSI.DLL
0x00007ff8d74f0000 - 0x00007ff8d7506000 	C:\Windows\SYSTEM32\dhcpcsvc6.DLL
0x00007ff8d75c0000 - 0x00007ff8d75da000 	C:\Windows\SYSTEM32\dhcpcsvc.DLL
0x00007ff8d4760000 - 0x00007ff8d476d000 	C:\Program Files\Android\Android Studio\jre\jre\bin\management.dll

VM Arguments:
jvm_args: -Xmx1536m -Dfile.encoding=windows-1252 -Duser.country=US -Duser.language=en -Duser.variant 
java_command: org.gradle.launcher.daemon.bootstrap.GradleDaemon 2.14.1
java_class_path (initial): C:\Program Files\Android\Android Studio\gradle\gradle-2.14.1\lib\gradle-launcher-2.14.1.jar
Launcher Type: SUN_STANDARD

Environment Variables:
JAVA_HOME=C:\Program Files\Java\jdk1.8.0_111
PATH=%JAVA_HOME%\bin;C:\ProgramData\Oracle\Java\javapath;C:\Windows\system32;C:\Windows;C:\Windows\System32\Wbem;C:\Windows\System32\WindowsPowerShell\v1.0\;C:\Program Files (x86)\NVIDIA Corporation\PhysX\Common;C:\Program Files\Microsoft SQL Server\130\Tools\Binn\;C:\Program Files\Microsoft SQL Server\120\Tools\Binn\;C:\Program Files\Microsoft SQL Server\110\Tools\Binn\;C:\Program Files (x86)\MATLAB\R2010a\runtime\win32;C:\Program Files (x86)\MATLAB\R2010a\bin;C:\Program Files (x86)\Windows Kits\10\Windows Performance Toolkit\;C:\Program Files\Microsoft SQL Server\Client SDK\ODBC\130\Tools\Binn\;C:\Program Files (x86)\Microsoft SQL Server\130\Tools\Binn\;C:\Program Files\Microsoft SQL Server\130\DTS\Binn\;C:\Program Files\Microsoft SQL Server\Client SDK\ODBC\110\Tools\Binn\;C:\Program Files (x86)\Microsoft SQL Server\120\Tools\Binn\;C:\Program Files\Microsoft SQL Server\120\DTS\Binn\;C:\Program Files (x86)\Microsoft SQL Server\120\Tools\Binn\ManagementStudio\;C:\Program Files (x86)\Microsoft SQL Server\120\DTS\Binn\;C:\Program Files (x86)\Microsoft SQL Server\110\Tools\Binn\;C:\Program Files\Microsoft SQL Server\110\DTS\Binn\;C:\Program Files (x86)\Microsoft SQL Server\110\Tools\Binn\ManagementStudio\;C:\Program Files (x86)\Microsoft Visual Studio 10.0\Common7\IDE\PrivateAssemblies\;C:\Program Files (x86)\Microsoft SQL Server\110\DTS\Binn\
USERNAME=Khuong Duong Nguyen
OS=Windows_NT
PROCESSOR_IDENTIFIER=Intel64 Family 6 Model 61 Stepping 4, GenuineIntel



---------------  S Y S T E M  ---------------

OS: Windows 8.1 , 64 bit Build 9600 (6.3.9600.17415)

CPU:total 4 (2 cores per cpu, 2 threads per core) family 6 model 61 stepping 4, cmov, cx8, fxsr, mmx, sse, sse2, sse3, ssse3, sse4.1, sse4.2, popcnt, avx, avx2, aes, clmul, erms, 3dnowpref, lzcnt, ht, tsc, tscinvbit, bmi1, bmi2, adx

Memory: 4k page, physical 8285580k(1006784k free), swap 8285580k(2136k free)

vm_info: OpenJDK 64-Bit Server VM (25.76-b03) for windows-amd64 JRE (1.8.0_76-release-b03), built on Jun 29 2016 19:09:20 by "ralucas" with MS VC++ 10.0 (VS2010)

time: Mon May 15 01:13:27 2017
elapsed time: 8 seconds (0d 0h 0m 8s)

